<?xml version="1.0" encoding="UTF-8"?>
<!-- Generated by org.testng.reporters.JUnitReportReporter -->
<testsuite hostname="LAPTOP-POGK2L6P" failures="0" tests="4" name="com.sketch.testcases.LoginPageTest" time="29.630" errors="0" timestamp="2024-10-07T12:30:11 IST" skipped="0">
  <testcase classname="com.sketch.testcases.LoginPageTest" name="loginPageTitleTest" time="2.761"/>
  <testcase classname="com.sketch.testcases.LoginPageTest" name="sketchImageTest" time="2.771"/>
  <testcase classname="com.sketch.testcases.LoginPageTest" name="urlTest" time="10.263"/>
  <testcase classname="com.sketch.testcases.LoginPageTest" name="searchTest" time="13.835"/>
</testsuite> <!-- com.sketch.testcases.LoginPageTest -->
