<?xml version="1.0" encoding="UTF-8"?>
<!-- Generated by org.testng.reporters.JUnitReportReporter -->
<testsuite hostname="LAPTOP-POGK2L6P" failures="0" tests="4" name="com.sketch.testcases.LoginPageTest" time="28.657" errors="0" timestamp="07 Oct 2024 07:02:56 GMT" skipped="0">
  <testcase classname="com.sketch.testcases.LoginPageTest" name="loginPageTitleTest" time="2.554"/>
  <testcase classname="com.sketch.testcases.LoginPageTest" name="sketchImageTest" time="3.980"/>
  <testcase classname="com.sketch.testcases.LoginPageTest" name="urlTest" time="7.756"/>
  <testcase classname="com.sketch.testcases.LoginPageTest" name="searchTest" time="14.367"/>
</testsuite> <!-- com.sketch.testcases.LoginPageTest -->
